Configuring esqueleto-2.4.3...
Building esqueleto-2.4.3...
Preprocessing library esqueleto-2.4.3...
[1 of 5] Compiling Database.Esqueleto.Internal.PersistentImport ( src/Database/Esqueleto/Internal/PersistentImport.hs, .stack-work/dist/x86_64-linux/Cabal-1.22.5.0/build/Database/Esqueleto/Internal/PersistentImport.o )
[2 of 5] Compiling Database.Esqueleto.Internal.Language ( src/Database/Esqueleto/Internal/Language.hs, .stack-work/dist/x86_64-linux/Cabal-1.22.5.0/build/Database/Esqueleto/Internal/Language.o )

src/Database/Esqueleto/Internal/Language.hs:47:1: Warning:
    The import of ‘Control.Applicative’ is redundant
      except perhaps to import instances from ‘Control.Applicative’
    To import instances alone, use: import Control.Applicative()

src/Database/Esqueleto/Internal/Language.hs:55:1: Warning:
    The qualified import of ‘Data.ByteString.Lazy’ is redundant
      except perhaps to import instances from ‘Data.ByteString.Lazy’
    To import instances alone, use: import Data.ByteString.Lazy()
[3 of 5] Compiling Database.Esqueleto.Internal.Sql ( src/Database/Esqueleto/Internal/Sql.hs, .stack-work/dist/x86_64-linux/Cabal-1.22.5.0/build/Database/Esqueleto/Internal/Sql.o )

src/Database/Esqueleto/Internal/Sql.hs:53:1: Warning:
    The import of ‘Control.Applicative’ is redundant
      except perhaps to import instances from ‘Control.Applicative’
    To import instances alone, use: import Control.Applicative()

src/Database/Esqueleto/Internal/Sql.hs:63:1: Warning:
    The import of ‘Monoid’ from module ‘Data.Monoid’ is redundant

src/Database/Esqueleto/Internal/Sql.hs:650:18: Warning:
    This binding for ‘b’ shadows the existing binding
      bound at src/Database/Esqueleto/Internal/Sql.hs:642:34

src/Database/Esqueleto/Internal/Sql.hs:419:7: Warning:
    Pattern match(es) are non-exhaustive
    In an equation for ‘toDistinctOn’:
        Patterns not matched: EOrderRandom
[4 of 5] Compiling Database.Esqueleto.PostgreSQL ( src/Database/Esqueleto/PostgreSQL.hs, .stack-work/dist/x86_64-linux/Cabal-1.22.5.0/build/Database/Esqueleto/PostgreSQL.o )
[5 of 5] Compiling Database.Esqueleto ( src/Database/Esqueleto.hs, .stack-work/dist/x86_64-linux/Cabal-1.22.5.0/build/Database/Esqueleto.o )
In-place registering esqueleto-2.4.3...
Installing library in
/home/hefesto/.stack/snapshots/x86_64-linux/lts-6.12/7.10.3/lib/x86_64-linux-ghc-7.10.3/esqueleto-2.4.3-KybRri0mxEp3yRhcasZONJ
Registering esqueleto-2.4.3...
